<?xml version="1.0" encoding="UTF-8"?>
<coverage generated="1720634957475" clover="3.2.0">
  <project timestamp="1720634957475" name="All files">
    <metrics statements="81" coveredstatements="76" conditionals="26" coveredconditionals="24" methods="12" coveredmethods="5" elements="119" coveredelements="105" complexity="0" loc="81" ncloc="81" packages="1" files="2" classes="2"/>
    <file name="index.ts" path="C:\Users\lligu\GitHub\matterbridge-test\src\index.ts">
      <metrics statements="1" coveredstatements="1" conditionals="0" coveredconditionals="0" methods="1" coveredmethods="1"/>
      <line num="16" count="1" type="stmt"/>
    </file>
    <file name="platform.ts" path="C:\Users\lligu\GitHub\matterbridge-test\src\platform.ts">
      <metrics statements="80" coveredstatements="75" conditionals="26" coveredconditionals="24" methods="11" coveredmethods="4"/>
      <line num="45" count="17" type="stmt"/>
      <line num="46" count="17" type="stmt"/>
      <line num="47" count="17" type="stmt"/>
      <line num="48" count="17" type="stmt"/>
      <line num="49" count="17" type="stmt"/>
      <line num="50" count="17" type="stmt"/>
      <line num="53" count="17" type="stmt"/>
      <line num="55" count="17" type="stmt"/>
      <line num="57" count="17" type="cond" truecount="1" falsecount="0"/>
      <line num="58" count="17" type="cond" truecount="1" falsecount="0"/>
      <line num="59" count="17" type="cond" truecount="1" falsecount="0"/>
      <line num="60" count="17" type="cond" truecount="1" falsecount="0"/>
      <line num="61" count="17" type="cond" truecount="1" falsecount="0"/>
      <line num="62" count="17" type="cond" truecount="1" falsecount="0"/>
      <line num="64" count="17" type="cond" truecount="1" falsecount="0"/>
      <line num="66" count="16" type="stmt"/>
      <line num="70" count="3" type="cond" truecount="2" falsecount="0"/>
      <line num="72" count="3" type="cond" truecount="1" falsecount="0"/>
      <line num="74" count="2" type="cond" truecount="0" falsecount="1"/>
      <line num="76" count="2" type="cond" truecount="0" falsecount="1"/>
      <line num="79" count="2" type="stmt"/>
      <line num="80" count="2" type="stmt"/>
      <line num="81" count="2" type="stmt"/>
      <line num="82" count="2" type="stmt"/>
      <line num="84" count="2" type="stmt"/>
      <line num="85" count="2" type="stmt"/>
      <line num="86" count="2" type="stmt"/>
      <line num="87" count="2" type="stmt"/>
      <line num="88" count="2" type="cond" truecount="1" falsecount="0"/>
      <line num="90" count="2" type="stmt"/>
      <line num="91" count="2" type="stmt"/>
      <line num="92" count="2" type="stmt"/>
      <line num="109" count="2" type="stmt"/>
      <line num="110" count="2" type="stmt"/>
      <line num="111" count="2" type="stmt"/>
      <line num="112" count="2" type="cond" truecount="1" falsecount="0"/>
      <line num="114" count="2" type="stmt"/>
      <line num="115" count="2" type="stmt"/>
      <line num="116" count="2" type="stmt"/>
      <line num="117" count="2" type="cond" truecount="1" falsecount="0"/>
      <line num="119" count="2" type="stmt"/>
      <line num="120" count="2" type="stmt"/>
      <line num="121" count="2" type="stmt"/>
      <line num="122" count="2" type="cond" truecount="1" falsecount="0"/>
      <line num="124" count="2" type="stmt"/>
      <line num="125" count="2" type="stmt"/>
      <line num="126" count="2" type="stmt"/>
      <line num="127" count="2" type="cond" truecount="1" falsecount="0"/>
      <line num="129" count="2" type="stmt"/>
      <line num="130" count="2" type="stmt"/>
      <line num="131" count="2" type="stmt"/>
      <line num="132" count="2" type="cond" truecount="1" falsecount="0"/>
      <line num="134" count="2" type="stmt"/>
      <line num="135" count="2" type="stmt"/>
      <line num="136" count="2" type="stmt"/>
      <line num="137" count="2" type="cond" truecount="1" falsecount="0"/>
      <line num="139" count="2" type="stmt"/>
      <line num="140" count="2" type="stmt"/>
      <line num="141" count="2" type="stmt"/>
      <line num="142" count="2" type="cond" truecount="1" falsecount="0"/>
      <line num="144" count="2" type="stmt"/>
      <line num="145" count="2" type="stmt"/>
      <line num="146" count="2" type="stmt"/>
      <line num="147" count="2" type="cond" truecount="1" falsecount="0"/>
      <line num="148" count="2" type="stmt"/>
      <line num="149" count="2" type="cond" truecount="1" falsecount="0"/>
      <line num="150" count="2" type="stmt"/>
      <line num="151" count="0" type="stmt"/>
      <line num="153" count="2" type="stmt"/>
      <line num="154" count="0" type="stmt"/>
      <line num="156" count="2" type="stmt"/>
      <line num="157" count="0" type="stmt"/>
      <line num="159" count="2" type="stmt"/>
      <line num="160" count="0" type="stmt"/>
      <line num="162" count="2" type="stmt"/>
      <line num="163" count="0" type="stmt"/>
      <line num="169" count="2" type="stmt"/>
      <line num="170" count="2" type="cond" truecount="1" falsecount="0"/>
      <line num="174" count="2" type="cond" truecount="2" falsecount="0"/>
      <line num="175" count="2" type="cond" truecount="1" falsecount="0"/>
    </file>
  </project>
</coverage>
