<?xml version="1.0" encoding="UTF-8"?>
<coverage generated="1717968742259" clover="3.2.0">
  <project timestamp="1717968742260" name="All files">
    <metrics statements="33" coveredstatements="33" conditionals="16" coveredconditionals="15" methods="6" coveredmethods="5" elements="55" coveredelements="53" complexity="0" loc="33" ncloc="33" packages="1" files="2" classes="2"/>
    <file name="index.ts" path="C:\Users\lligu\GitHub\matterbridge-test\src\index.ts">
      <metrics statements="1" coveredstatements="1" conditionals="0" coveredconditionals="0" methods="1" coveredmethods="1"/>
      <line num="16" count="1" type="stmt"/>
    </file>
    <file name="platform.ts" path="C:\Users\lligu\GitHub\matterbridge-test\src\platform.ts">
      <metrics statements="32" coveredstatements="32" conditionals="16" coveredconditionals="15" methods="5" coveredmethods="4"/>
      <line num="6" count="17" type="stmt"/>
      <line num="7" count="17" type="stmt"/>
      <line num="8" count="17" type="stmt"/>
      <line num="9" count="17" type="stmt"/>
      <line num="10" count="17" type="stmt"/>
      <line num="11" count="17" type="stmt"/>
      <line num="14" count="17" type="stmt"/>
      <line num="16" count="17" type="stmt"/>
      <line num="18" count="17" type="cond" truecount="1" falsecount="0"/>
      <line num="19" count="17" type="cond" truecount="1" falsecount="0"/>
      <line num="20" count="17" type="cond" truecount="1" falsecount="0"/>
      <line num="21" count="17" type="cond" truecount="1" falsecount="0"/>
      <line num="22" count="17" type="cond" truecount="1" falsecount="0"/>
      <line num="23" count="17" type="cond" truecount="1" falsecount="0"/>
      <line num="25" count="17" type="cond" truecount="1" falsecount="0"/>
      <line num="27" count="16" type="stmt"/>
      <line num="31" count="3" type="cond" truecount="2" falsecount="0"/>
      <line num="32" count="3" type="cond" truecount="1" falsecount="0"/>
      <line num="34" count="2" type="cond" truecount="0" falsecount="1"/>
      <line num="37" count="2" type="stmt"/>
      <line num="38" count="2" type="stmt"/>
      <line num="39" count="2" type="stmt"/>
      <line num="40" count="2" type="stmt"/>
      <line num="41" count="2" type="stmt"/>
      <line num="43" count="2" type="cond" truecount="1" falsecount="0"/>
      <line num="45" count="2" type="stmt"/>
      <line num="49" count="2" type="stmt"/>
      <line num="50" count="2" type="cond" truecount="1" falsecount="0"/>
      <line num="51" count="1" type="stmt"/>
      <line num="55" count="2" type="cond" truecount="2" falsecount="0"/>
      <line num="56" count="2" type="cond" truecount="1" falsecount="0"/>
      <line num="57" count="1" type="stmt"/>
    </file>
  </project>
</coverage>
