{"C:\\Users\\lligu\\GitHub\\matterbridge-test\\src\\index.ts": {"path":"C:\\Users\\lligu\\GitHub\\matterbridge-test\\src\\index.ts","statementMap":{"0":{"start":{"line":16,"column":2},"end":{"line":16,"column":53}}},"fnMap":{"0":{"name":"initializePlugin","decl":{"start":{"line":15,"column":24},"end":{"line":15,"column":40}},"loc":{"start":{"line":15,"column":108},"end":{"line":17,"column":1}}}},"branchMap":{},"s":{"0":1},"f":{"0":1},"b":{}}
,"C:\\Users\\lligu\\GitHub\\matterbridge-test\\src\\platform.ts": {"path":"C:\\Users\\lligu\\GitHub\\matterbridge-test\\src\\platform.ts","statementMap":{"0":{"start":{"line":6,"column":22},"end":{"line":6,"column":27}},"1":{"start":{"line":7,"column":23},"end":{"line":7,"column":28}},"2":{"start":{"line":8,"column":22},"end":{"line":8,"column":27}},"3":{"start":{"line":9,"column":23},"end":{"line":9,"column":28}},"4":{"start":{"line":10,"column":27},"end":{"line":10,"column":32}},"5":{"start":{"line":11,"column":26},"end":{"line":11,"column":31}},"6":{"start":{"line":14,"column":4},"end":{"line":14,"column":37}},"7":{"start":{"line":16,"column":4},"end":{"line":16,"column":62}},"8":{"start":{"line":18,"column":4},"end":{"line":18,"column":71}},"9":{"start":{"line":18,"column":26},"end":{"line":18,"column":71}},"10":{"start":{"line":19,"column":4},"end":{"line":19,"column":74}},"11":{"start":{"line":19,"column":27},"end":{"line":19,"column":74}},"12":{"start":{"line":20,"column":4},"end":{"line":20,"column":71}},"13":{"start":{"line":20,"column":26},"end":{"line":20,"column":71}},"14":{"start":{"line":21,"column":4},"end":{"line":21,"column":74}},"15":{"start":{"line":21,"column":27},"end":{"line":21,"column":74}},"16":{"start":{"line":22,"column":4},"end":{"line":22,"column":86}},"17":{"start":{"line":22,"column":31},"end":{"line":22,"column":86}},"18":{"start":{"line":23,"column":4},"end":{"line":23,"column":83}},"19":{"start":{"line":23,"column":30},"end":{"line":23,"column":83}},"20":{"start":{"line":25,"column":4},"end":{"line":25,"column":66}},"21":{"start":{"line":25,"column":24},"end":{"line":25,"column":66}},"22":{"start":{"line":27,"column":4},"end":{"line":27,"column":71}},"23":{"start":{"line":31,"column":4},"end":{"line":31,"column":67}},"24":{"start":{"line":32,"column":4},"end":{"line":32,"column":68}},"25":{"start":{"line":32,"column":25},"end":{"line":32,"column":68}},"26":{"start":{"line":34,"column":4},"end":{"line":34,"column":86}},"27":{"start":{"line":34,"column":25},"end":{"line":34,"column":86}},"28":{"start":{"line":34,"column":59},"end":{"line":34,"column":64}},"29":{"start":{"line":37,"column":21},"end":{"line":37,"column":56}},"30":{"start":{"line":38,"column":4},"end":{"line":38,"column":156}},"31":{"start":{"line":39,"column":4},"end":{"line":39,"column":40}},"32":{"start":{"line":40,"column":4},"end":{"line":40,"column":89}},"33":{"start":{"line":41,"column":4},"end":{"line":41,"column":52}},"34":{"start":{"line":43,"column":4},"end":{"line":43,"column":61}},"35":{"start":{"line":43,"column":25},"end":{"line":43,"column":61}},"36":{"start":{"line":45,"column":4},"end":{"line":45,"column":29}},"37":{"start":{"line":49,"column":4},"end":{"line":49,"column":40}},"38":{"start":{"line":50,"column":4},"end":{"line":50,"column":76}},"39":{"start":{"line":50,"column":29},"end":{"line":50,"column":76}},"40":{"start":{"line":51,"column":4},"end":{"line":51,"column":29}},"41":{"start":{"line":55,"column":4},"end":{"line":55,"column":70}},"42":{"start":{"line":56,"column":4},"end":{"line":56,"column":74}},"43":{"start":{"line":56,"column":28},"end":{"line":56,"column":74}},"44":{"start":{"line":57,"column":4},"end":{"line":57,"column":29}}},"fnMap":{"0":{"name":"(anonymous_0)","decl":{"start":{"line":13,"column":2},"end":{"line":13,"column":14}},"loc":{"start":{"line":13,"column":81},"end":{"line":28,"column":3}}},"1":{"name":"(anonymous_1)","decl":{"start":{"line":30,"column":11},"end":{"line":30,"column":16}},"loc":{"start":{"line":30,"column":40},"end":{"line":46,"column":3}}},"2":{"name":"(anonymous_2)","decl":{"start":{"line":34,"column":53},"end":{"line":34,"column":56}},"loc":{"start":{"line":34,"column":59},"end":{"line":34,"column":64}}},"3":{"name":"(anonymous_3)","decl":{"start":{"line":48,"column":11},"end":{"line":48,"column":16}},"loc":{"start":{"line":48,"column":28},"end":{"line":52,"column":3}}},"4":{"name":"(anonymous_4)","decl":{"start":{"line":54,"column":11},"end":{"line":54,"column":16}},"loc":{"start":{"line":54,"column":43},"end":{"line":58,"column":3}}}},"branchMap":{"0":{"loc":{"start":{"line":18,"column":4},"end":{"line":18,"column":71}},"type":"if","locations":[{"start":{"line":18,"column":4},"end":{"line":18,"column":71}}]},"1":{"loc":{"start":{"line":19,"column":4},"end":{"line":19,"column":74}},"type":"if","locations":[{"start":{"line":19,"column":4},"end":{"line":19,"column":74}}]},"2":{"loc":{"start":{"line":20,"column":4},"end":{"line":20,"column":71}},"type":"if","locations":[{"start":{"line":20,"column":4},"end":{"line":20,"column":71}}]},"3":{"loc":{"start":{"line":21,"column":4},"end":{"line":21,"column":74}},"type":"if","locations":[{"start":{"line":21,"column":4},"end":{"line":21,"column":74}}]},"4":{"loc":{"start":{"line":22,"column":4},"end":{"line":22,"column":86}},"type":"if","locations":[{"start":{"line":22,"column":4},"end":{"line":22,"column":86}}]},"5":{"loc":{"start":{"line":23,"column":4},"end":{"line":23,"column":83}},"type":"if","locations":[{"start":{"line":23,"column":4},"end":{"line":23,"column":83}}]},"6":{"loc":{"start":{"line":25,"column":4},"end":{"line":25,"column":66}},"type":"if","locations":[{"start":{"line":25,"column":4},"end":{"line":25,"column":66}}]},"7":{"loc":{"start":{"line":31,"column":49},"end":{"line":31,"column":65}},"type":"binary-expr","locations":[{"start":{"line":31,"column":49},"end":{"line":31,"column":55}},{"start":{"line":31,"column":59},"end":{"line":31,"column":65}}]},"8":{"loc":{"start":{"line":32,"column":4},"end":{"line":32,"column":68}},"type":"if","locations":[{"start":{"line":32,"column":4},"end":{"line":32,"column":68}}]},"9":{"loc":{"start":{"line":34,"column":4},"end":{"line":34,"column":86}},"type":"if","locations":[{"start":{"line":34,"column":4},"end":{"line":34,"column":86}}]},"10":{"loc":{"start":{"line":43,"column":4},"end":{"line":43,"column":61}},"type":"if","locations":[{"start":{"line":43,"column":4},"end":{"line":43,"column":61}}]},"11":{"loc":{"start":{"line":50,"column":4},"end":{"line":50,"column":76}},"type":"if","locations":[{"start":{"line":50,"column":4},"end":{"line":50,"column":76}}]},"12":{"loc":{"start":{"line":55,"column":52},"end":{"line":55,"column":68}},"type":"binary-expr","locations":[{"start":{"line":55,"column":52},"end":{"line":55,"column":58}},{"start":{"line":55,"column":62},"end":{"line":55,"column":68}}]},"13":{"loc":{"start":{"line":56,"column":4},"end":{"line":56,"column":74}},"type":"if","locations":[{"start":{"line":56,"column":4},"end":{"line":56,"column":74}}]}},"s":{"0":17,"1":17,"2":17,"3":17,"4":17,"5":17,"6":17,"7":17,"8":17,"9":2,"10":17,"11":1,"12":17,"13":1,"14":17,"15":1,"16":17,"17":1,"18":17,"19":1,"20":17,"21":1,"22":16,"23":3,"24":3,"25":1,"26":2,"27":0,"28":0,"29":2,"30":2,"31":2,"32":2,"33":2,"34":2,"35":1,"36":2,"37":2,"38":2,"39":1,"40":1,"41":2,"42":2,"43":1,"44":1},"f":{"0":17,"1":3,"2":0,"3":2,"4":2},"b":{"0":[2],"1":[1],"2":[1],"3":[1],"4":[1],"5":[1],"6":[1],"7":[3,1],"8":[1],"9":[0],"10":[1],"11":[1],"12":[2,1],"13":[1]}}
}
