{"C:\\Users\\lligu\\GitHub\\matterbridge-test\\src\\index.ts": {"path":"C:\\Users\\lligu\\GitHub\\matterbridge-test\\src\\index.ts","statementMap":{"0":{"start":{"line":16,"column":2},"end":{"line":16,"column":53}}},"fnMap":{"0":{"name":"initializePlugin","decl":{"start":{"line":15,"column":24},"end":{"line":15,"column":40}},"loc":{"start":{"line":15,"column":108},"end":{"line":17,"column":1}}}},"branchMap":{},"s":{"0":1},"f":{"0":1},"b":{}}
,"C:\\Users\\lligu\\GitHub\\matterbridge-test\\src\\platform.ts": {"path":"C:\\Users\\lligu\\GitHub\\matterbridge-test\\src\\platform.ts","statementMap":{"0":{"start":{"line":45,"column":22},"end":{"line":45,"column":27}},"1":{"start":{"line":46,"column":23},"end":{"line":46,"column":28}},"2":{"start":{"line":47,"column":22},"end":{"line":47,"column":27}},"3":{"start":{"line":48,"column":23},"end":{"line":48,"column":28}},"4":{"start":{"line":49,"column":27},"end":{"line":49,"column":32}},"5":{"start":{"line":50,"column":26},"end":{"line":50,"column":31}},"6":{"start":{"line":53,"column":4},"end":{"line":53,"column":37}},"7":{"start":{"line":55,"column":4},"end":{"line":55,"column":62}},"8":{"start":{"line":57,"column":4},"end":{"line":57,"column":71}},"9":{"start":{"line":57,"column":26},"end":{"line":57,"column":71}},"10":{"start":{"line":58,"column":4},"end":{"line":58,"column":74}},"11":{"start":{"line":58,"column":27},"end":{"line":58,"column":74}},"12":{"start":{"line":59,"column":4},"end":{"line":59,"column":71}},"13":{"start":{"line":59,"column":26},"end":{"line":59,"column":71}},"14":{"start":{"line":60,"column":4},"end":{"line":60,"column":74}},"15":{"start":{"line":60,"column":27},"end":{"line":60,"column":74}},"16":{"start":{"line":61,"column":4},"end":{"line":61,"column":86}},"17":{"start":{"line":61,"column":31},"end":{"line":61,"column":86}},"18":{"start":{"line":62,"column":4},"end":{"line":62,"column":83}},"19":{"start":{"line":62,"column":30},"end":{"line":62,"column":83}},"20":{"start":{"line":64,"column":4},"end":{"line":64,"column":66}},"21":{"start":{"line":64,"column":24},"end":{"line":64,"column":66}},"22":{"start":{"line":66,"column":4},"end":{"line":66,"column":71}},"23":{"start":{"line":70,"column":4},"end":{"line":70,"column":67}},"24":{"start":{"line":72,"column":4},"end":{"line":72,"column":68}},"25":{"start":{"line":72,"column":25},"end":{"line":72,"column":68}},"26":{"start":{"line":74,"column":4},"end":{"line":74,"column":86}},"27":{"start":{"line":74,"column":25},"end":{"line":74,"column":86}},"28":{"start":{"line":74,"column":59},"end":{"line":74,"column":64}},"29":{"start":{"line":76,"column":4},"end":{"line":76,"column":97}},"30":{"start":{"line":76,"column":36},"end":{"line":76,"column":97}},"31":{"start":{"line":76,"column":70},"end":{"line":76,"column":75}},"32":{"start":{"line":79,"column":21},"end":{"line":79,"column":97}},"33":{"start":{"line":80,"column":4},"end":{"line":80,"column":177}},"34":{"start":{"line":81,"column":4},"end":{"line":81,"column":40}},"35":{"start":{"line":82,"column":4},"end":{"line":82,"column":89}},"36":{"start":{"line":84,"column":18},"end":{"line":84,"column":118}},"37":{"start":{"line":85,"column":4},"end":{"line":85,"column":79}},"38":{"start":{"line":86,"column":4},"end":{"line":86,"column":168}},"39":{"start":{"line":87,"column":4},"end":{"line":87,"column":49}},"40":{"start":{"line":88,"column":4},"end":{"line":88,"column":61}},"41":{"start":{"line":88,"column":25},"end":{"line":88,"column":61}},"42":{"start":{"line":90,"column":23},"end":{"line":90,"column":99}},"43":{"start":{"line":91,"column":4},"end":{"line":91,"column":170}},"44":{"start":{"line":92,"column":4},"end":{"line":108,"column":6}},"45":{"start":{"line":109,"column":4},"end":{"line":109,"column":115}},"46":{"start":{"line":110,"column":4},"end":{"line":110,"column":104}},"47":{"start":{"line":111,"column":4},"end":{"line":111,"column":109}},"48":{"start":{"line":112,"column":4},"end":{"line":112,"column":63}},"49":{"start":{"line":112,"column":25},"end":{"line":112,"column":63}},"50":{"start":{"line":114,"column":22},"end":{"line":114,"column":98}},"51":{"start":{"line":115,"column":4},"end":{"line":115,"column":171}},"52":{"start":{"line":116,"column":4},"end":{"line":116,"column":106}},"53":{"start":{"line":117,"column":4},"end":{"line":117,"column":62}},"54":{"start":{"line":117,"column":25},"end":{"line":117,"column":62}},"55":{"start":{"line":119,"column":24},"end":{"line":119,"column":100}},"56":{"start":{"line":120,"column":4},"end":{"line":120,"column":177}},"57":{"start":{"line":121,"column":4},"end":{"line":121,"column":110}},"58":{"start":{"line":122,"column":4},"end":{"line":122,"column":64}},"59":{"start":{"line":122,"column":25},"end":{"line":122,"column":64}},"60":{"start":{"line":124,"column":17},"end":{"line":124,"column":93}},"61":{"start":{"line":125,"column":4},"end":{"line":125,"column":151}},"62":{"start":{"line":126,"column":4},"end":{"line":126,"column":94}},"63":{"start":{"line":127,"column":4},"end":{"line":127,"column":57}},"64":{"start":{"line":127,"column":25},"end":{"line":127,"column":57}},"65":{"start":{"line":129,"column":18},"end":{"line":129,"column":94}},"66":{"start":{"line":130,"column":4},"end":{"line":130,"column":161}},"67":{"start":{"line":131,"column":4},"end":{"line":131,"column":110}},"68":{"start":{"line":132,"column":4},"end":{"line":132,"column":58}},"69":{"start":{"line":132,"column":25},"end":{"line":132,"column":58}},"70":{"start":{"line":134,"column":23},"end":{"line":134,"column":99}},"71":{"start":{"line":135,"column":4},"end":{"line":135,"column":169}},"72":{"start":{"line":136,"column":4},"end":{"line":136,"column":147}},"73":{"start":{"line":137,"column":4},"end":{"line":137,"column":63}},"74":{"start":{"line":137,"column":25},"end":{"line":137,"column":63}},"75":{"start":{"line":139,"column":19},"end":{"line":139,"column":95}},"76":{"start":{"line":140,"column":4},"end":{"line":140,"column":178}},"77":{"start":{"line":141,"column":4},"end":{"line":141,"column":72}},"78":{"start":{"line":142,"column":4},"end":{"line":142,"column":59}},"79":{"start":{"line":142,"column":25},"end":{"line":142,"column":59}},"80":{"start":{"line":144,"column":16},"end":{"line":144,"column":92}},"81":{"start":{"line":145,"column":4},"end":{"line":145,"column":147}},"82":{"start":{"line":146,"column":4},"end":{"line":146,"column":62}},"83":{"start":{"line":147,"column":4},"end":{"line":147,"column":56}},"84":{"start":{"line":147,"column":25},"end":{"line":147,"column":56}},"85":{"start":{"line":148,"column":16},"end":{"line":148,"column":116}},"86":{"start":{"line":149,"column":4},"end":{"line":165,"column":5}},"87":{"start":{"line":150,"column":6},"end":{"line":152,"column":9}},"88":{"start":{"line":151,"column":8},"end":{"line":151,"column":74}},"89":{"start":{"line":153,"column":6},"end":{"line":155,"column":9}},"90":{"start":{"line":154,"column":8},"end":{"line":154,"column":81}},"91":{"start":{"line":156,"column":6},"end":{"line":158,"column":9}},"92":{"start":{"line":157,"column":8},"end":{"line":157,"column":81}},"93":{"start":{"line":159,"column":6},"end":{"line":161,"column":9}},"94":{"start":{"line":160,"column":8},"end":{"line":160,"column":79}},"95":{"start":{"line":162,"column":6},"end":{"line":164,"column":9}},"96":{"start":{"line":163,"column":8},"end":{"line":163,"column":79}},"97":{"start":{"line":169,"column":4},"end":{"line":169,"column":40}},"98":{"start":{"line":170,"column":4},"end":{"line":170,"column":76}},"99":{"start":{"line":170,"column":29},"end":{"line":170,"column":76}},"100":{"start":{"line":174,"column":4},"end":{"line":174,"column":70}},"101":{"start":{"line":175,"column":4},"end":{"line":175,"column":74}},"102":{"start":{"line":175,"column":28},"end":{"line":175,"column":74}}},"fnMap":{"0":{"name":"(anonymous_0)","decl":{"start":{"line":52,"column":2},"end":{"line":52,"column":14}},"loc":{"start":{"line":52,"column":81},"end":{"line":67,"column":3}}},"1":{"name":"(anonymous_1)","decl":{"start":{"line":69,"column":11},"end":{"line":69,"column":16}},"loc":{"start":{"line":69,"column":40},"end":{"line":166,"column":3}}},"2":{"name":"(anonymous_2)","decl":{"start":{"line":74,"column":53},"end":{"line":74,"column":56}},"loc":{"start":{"line":74,"column":59},"end":{"line":74,"column":64}}},"3":{"name":"(anonymous_3)","decl":{"start":{"line":76,"column":64},"end":{"line":76,"column":67}},"loc":{"start":{"line":76,"column":70},"end":{"line":76,"column":75}}},"4":{"name":"(anonymous_4)","decl":{"start":{"line":150,"column":36},"end":{"line":150,"column":37}},"loc":{"start":{"line":150,"column":99},"end":{"line":152,"column":7}}},"5":{"name":"(anonymous_5)","decl":{"start":{"line":153,"column":43},"end":{"line":153,"column":44}},"loc":{"start":{"line":153,"column":96},"end":{"line":155,"column":7}}},"6":{"name":"(anonymous_6)","decl":{"start":{"line":156,"column":43},"end":{"line":156,"column":44}},"loc":{"start":{"line":156,"column":96},"end":{"line":158,"column":7}}},"7":{"name":"(anonymous_7)","decl":{"start":{"line":159,"column":41},"end":{"line":159,"column":42}},"loc":{"start":{"line":159,"column":94},"end":{"line":161,"column":7}}},"8":{"name":"(anonymous_8)","decl":{"start":{"line":162,"column":41},"end":{"line":162,"column":42}},"loc":{"start":{"line":162,"column":94},"end":{"line":164,"column":7}}},"9":{"name":"(anonymous_9)","decl":{"start":{"line":168,"column":11},"end":{"line":168,"column":16}},"loc":{"start":{"line":168,"column":28},"end":{"line":171,"column":3}}},"10":{"name":"(anonymous_10)","decl":{"start":{"line":173,"column":11},"end":{"line":173,"column":16}},"loc":{"start":{"line":173,"column":43},"end":{"line":176,"column":3}}}},"branchMap":{"0":{"loc":{"start":{"line":57,"column":4},"end":{"line":57,"column":71}},"type":"if","locations":[{"start":{"line":57,"column":4},"end":{"line":57,"column":71}}]},"1":{"loc":{"start":{"line":58,"column":4},"end":{"line":58,"column":74}},"type":"if","locations":[{"start":{"line":58,"column":4},"end":{"line":58,"column":74}}]},"2":{"loc":{"start":{"line":59,"column":4},"end":{"line":59,"column":71}},"type":"if","locations":[{"start":{"line":59,"column":4},"end":{"line":59,"column":71}}]},"3":{"loc":{"start":{"line":60,"column":4},"end":{"line":60,"column":74}},"type":"if","locations":[{"start":{"line":60,"column":4},"end":{"line":60,"column":74}}]},"4":{"loc":{"start":{"line":61,"column":4},"end":{"line":61,"column":86}},"type":"if","locations":[{"start":{"line":61,"column":4},"end":{"line":61,"column":86}}]},"5":{"loc":{"start":{"line":62,"column":4},"end":{"line":62,"column":83}},"type":"if","locations":[{"start":{"line":62,"column":4},"end":{"line":62,"column":83}}]},"6":{"loc":{"start":{"line":64,"column":4},"end":{"line":64,"column":66}},"type":"if","locations":[{"start":{"line":64,"column":4},"end":{"line":64,"column":66}}]},"7":{"loc":{"start":{"line":70,"column":49},"end":{"line":70,"column":65}},"type":"binary-expr","locations":[{"start":{"line":70,"column":49},"end":{"line":70,"column":55}},{"start":{"line":70,"column":59},"end":{"line":70,"column":65}}]},"8":{"loc":{"start":{"line":72,"column":4},"end":{"line":72,"column":68}},"type":"if","locations":[{"start":{"line":72,"column":4},"end":{"line":72,"column":68}}]},"9":{"loc":{"start":{"line":74,"column":4},"end":{"line":74,"column":86}},"type":"if","locations":[{"start":{"line":74,"column":4},"end":{"line":74,"column":86}}]},"10":{"loc":{"start":{"line":76,"column":4},"end":{"line":76,"column":97}},"type":"if","locations":[{"start":{"line":76,"column":4},"end":{"line":76,"column":97}}]},"11":{"loc":{"start":{"line":88,"column":4},"end":{"line":88,"column":61}},"type":"if","locations":[{"start":{"line":88,"column":4},"end":{"line":88,"column":61}}]},"12":{"loc":{"start":{"line":112,"column":4},"end":{"line":112,"column":63}},"type":"if","locations":[{"start":{"line":112,"column":4},"end":{"line":112,"column":63}}]},"13":{"loc":{"start":{"line":117,"column":4},"end":{"line":117,"column":62}},"type":"if","locations":[{"start":{"line":117,"column":4},"end":{"line":117,"column":62}}]},"14":{"loc":{"start":{"line":122,"column":4},"end":{"line":122,"column":64}},"type":"if","locations":[{"start":{"line":122,"column":4},"end":{"line":122,"column":64}}]},"15":{"loc":{"start":{"line":127,"column":4},"end":{"line":127,"column":57}},"type":"if","locations":[{"start":{"line":127,"column":4},"end":{"line":127,"column":57}}]},"16":{"loc":{"start":{"line":132,"column":4},"end":{"line":132,"column":58}},"type":"if","locations":[{"start":{"line":132,"column":4},"end":{"line":132,"column":58}}]},"17":{"loc":{"start":{"line":137,"column":4},"end":{"line":137,"column":63}},"type":"if","locations":[{"start":{"line":137,"column":4},"end":{"line":137,"column":63}}]},"18":{"loc":{"start":{"line":142,"column":4},"end":{"line":142,"column":59}},"type":"if","locations":[{"start":{"line":142,"column":4},"end":{"line":142,"column":59}}]},"19":{"loc":{"start":{"line":147,"column":4},"end":{"line":147,"column":56}},"type":"if","locations":[{"start":{"line":147,"column":4},"end":{"line":147,"column":56}}]},"20":{"loc":{"start":{"line":149,"column":4},"end":{"line":165,"column":5}},"type":"if","locations":[{"start":{"line":149,"column":4},"end":{"line":165,"column":5}}]},"21":{"loc":{"start":{"line":170,"column":4},"end":{"line":170,"column":76}},"type":"if","locations":[{"start":{"line":170,"column":4},"end":{"line":170,"column":76}}]},"22":{"loc":{"start":{"line":174,"column":52},"end":{"line":174,"column":68}},"type":"binary-expr","locations":[{"start":{"line":174,"column":52},"end":{"line":174,"column":58}},{"start":{"line":174,"column":62},"end":{"line":174,"column":68}}]},"23":{"loc":{"start":{"line":175,"column":4},"end":{"line":175,"column":74}},"type":"if","locations":[{"start":{"line":175,"column":4},"end":{"line":175,"column":74}}]}},"s":{"0":17,"1":17,"2":17,"3":17,"4":17,"5":17,"6":17,"7":17,"8":17,"9":2,"10":17,"11":1,"12":17,"13":1,"14":17,"15":1,"16":17,"17":1,"18":17,"19":1,"20":17,"21":1,"22":16,"23":3,"24":3,"25":1,"26":2,"27":0,"28":0,"29":2,"30":0,"31":0,"32":2,"33":2,"34":2,"35":2,"36":2,"37":2,"38":2,"39":2,"40":2,"41":1,"42":2,"43":2,"44":2,"45":2,"46":2,"47":2,"48":2,"49":1,"50":2,"51":2,"52":2,"53":2,"54":1,"55":2,"56":2,"57":2,"58":2,"59":1,"60":2,"61":2,"62":2,"63":2,"64":1,"65":2,"66":2,"67":2,"68":2,"69":1,"70":2,"71":2,"72":2,"73":2,"74":1,"75":2,"76":2,"77":2,"78":2,"79":1,"80":2,"81":2,"82":2,"83":2,"84":1,"85":2,"86":2,"87":2,"88":0,"89":2,"90":0,"91":2,"92":0,"93":2,"94":0,"95":2,"96":0,"97":2,"98":2,"99":1,"100":2,"101":2,"102":1},"f":{"0":17,"1":3,"2":0,"3":0,"4":0,"5":0,"6":0,"7":0,"8":0,"9":2,"10":2},"b":{"0":[2],"1":[1],"2":[1],"3":[1],"4":[1],"5":[1],"6":[1],"7":[3,1],"8":[1],"9":[0],"10":[0],"11":[1],"12":[1],"13":[1],"14":[1],"15":[1],"16":[1],"17":[1],"18":[1],"19":[1],"20":[2],"21":[1],"22":[2,1],"23":[1]}}
}
