TN:
SF:src\index.ts
FN:15,initializePlugin
FNF:1
FNH:1
FNDA:1,initializePlugin
DA:16,1
LF:1
LH:1
BRF:0
BRH:0
end_of_record
TN:
SF:src\platform.ts
FN:13,(anonymous_0)
FN:30,(anonymous_1)
FN:34,(anonymous_2)
FN:48,(anonymous_3)
FN:54,(anonymous_4)
FNF:5
FNH:4
FNDA:17,(anonymous_0)
FNDA:3,(anonymous_1)
FNDA:0,(anonymous_2)
FNDA:2,(anonymous_3)
FNDA:2,(anonymous_4)
DA:6,17
DA:7,17
DA:8,17
DA:9,17
DA:10,17
DA:11,17
DA:14,17
DA:16,17
DA:18,17
DA:19,17
DA:20,17
DA:21,17
DA:22,17
DA:23,17
DA:25,17
DA:27,16
DA:31,3
DA:32,3
DA:34,2
DA:37,2
DA:38,2
DA:39,2
DA:40,2
DA:41,2
DA:43,2
DA:45,2
DA:49,2
DA:50,2
DA:51,1
DA:55,2
DA:56,2
DA:57,1
LF:32
LH:32
BRDA:18,0,0,2
BRDA:19,1,0,1
BRDA:20,2,0,1
BRDA:21,3,0,1
BRDA:22,4,0,1
BRDA:23,5,0,1
BRDA:25,6,0,1
BRDA:31,7,0,3
BRDA:31,7,1,1
BRDA:32,8,0,1
BRDA:34,9,0,0
BRDA:43,10,0,1
BRDA:50,11,0,1
BRDA:55,12,0,2
BRDA:55,12,1,1
BRDA:56,13,0,1
BRF:16
BRH:15
end_of_record
