TN:
SF:src\index.ts
FN:15,initializePlugin
FNF:1
FNH:1
FNDA:1,initializePlugin
DA:16,1
LF:1
LH:1
BRF:0
BRH:0
end_of_record
TN:
SF:src\platform.ts
FN:52,(anonymous_0)
FN:69,(anonymous_1)
FN:74,(anonymous_2)
FN:76,(anonymous_3)
FN:150,(anonymous_4)
FN:153,(anonymous_5)
FN:156,(anonymous_6)
FN:159,(anonymous_7)
FN:162,(anonymous_8)
FN:168,(anonymous_9)
FN:173,(anonymous_10)
FNF:11
FNH:4
FNDA:17,(anonymous_0)
FNDA:3,(anonymous_1)
FNDA:0,(anonymous_2)
FNDA:0,(anonymous_3)
FNDA:0,(anonymous_4)
FNDA:0,(anonymous_5)
FNDA:0,(anonymous_6)
FNDA:0,(anonymous_7)
FNDA:0,(anonymous_8)
FNDA:2,(anonymous_9)
FNDA:2,(anonymous_10)
DA:45,17
DA:46,17
DA:47,17
DA:48,17
DA:49,17
DA:50,17
DA:53,17
DA:55,17
DA:57,17
DA:58,17
DA:59,17
DA:60,17
DA:61,17
DA:62,17
DA:64,17
DA:66,16
DA:70,3
DA:72,3
DA:74,2
DA:76,2
DA:79,2
DA:80,2
DA:81,2
DA:82,2
DA:84,2
DA:85,2
DA:86,2
DA:87,2
DA:88,2
DA:90,2
DA:91,2
DA:92,2
DA:109,2
DA:110,2
DA:111,2
DA:112,2
DA:114,2
DA:115,2
DA:116,2
DA:117,2
DA:119,2
DA:120,2
DA:121,2
DA:122,2
DA:124,2
DA:125,2
DA:126,2
DA:127,2
DA:129,2
DA:130,2
DA:131,2
DA:132,2
DA:134,2
DA:135,2
DA:136,2
DA:137,2
DA:139,2
DA:140,2
DA:141,2
DA:142,2
DA:144,2
DA:145,2
DA:146,2
DA:147,2
DA:148,2
DA:149,2
DA:150,2
DA:151,0
DA:153,2
DA:154,0
DA:156,2
DA:157,0
DA:159,2
DA:160,0
DA:162,2
DA:163,0
DA:169,2
DA:170,2
DA:174,2
DA:175,2
LF:80
LH:75
BRDA:57,0,0,2
BRDA:58,1,0,1
BRDA:59,2,0,1
BRDA:60,3,0,1
BRDA:61,4,0,1
BRDA:62,5,0,1
BRDA:64,6,0,1
BRDA:70,7,0,3
BRDA:70,7,1,1
BRDA:72,8,0,1
BRDA:74,9,0,0
BRDA:76,10,0,0
BRDA:88,11,0,1
BRDA:112,12,0,1
BRDA:117,13,0,1
BRDA:122,14,0,1
BRDA:127,15,0,1
BRDA:132,16,0,1
BRDA:137,17,0,1
BRDA:142,18,0,1
BRDA:147,19,0,1
BRDA:149,20,0,2
BRDA:170,21,0,1
BRDA:174,22,0,2
BRDA:174,22,1,1
BRDA:175,23,0,1
BRF:26
BRH:24
end_of_record
